<?xml version="1.0" encoding="UTF-8"?>
<coverage generated="1540382011866" clover="3.2.0">
  <project timestamp="1540382011866" name="All files">
    <metrics statements="3" coveredstatements="3" conditionals="2" coveredconditionals="1" methods="3" coveredmethods="3" elements="8" coveredelements="7" complexity="0" loc="3" ncloc="3" packages="1" files="1" classes="1">
      <file name="index.js" path="/home/jyothi/github/javascript-library-starter-kit/src/Library/index.js">
        <metrics statements="3" coveredstatements="3" conditionals="2" coveredconditionals="1" methods="3" coveredmethods="3"/>
        <line num="7" count="1" type="stmt"/>
        <line num="11" count="1" type="stmt"/>
        <line num="15" count="1" type="stmt"/>
      </file>
    </metrics>
  </project>
</coverage>
