{"/home/jyothi/github/javascript-library-starter-kit/src/Library/index.js": {"path":"/home/jyothi/github/javascript-library-starter-kit/src/Library/index.js","statementMap":{"0":{"start":{"line":7,"column":8},"end":{"line":7,"column":25}},"1":{"start":{"line":11,"column":8},"end":{"line":11,"column":27}},"2":{"start":{"line":15,"column":8},"end":{"line":15,"column":27}}},"fnMap":{"0":{"name":"(anonymous_0)","decl":{"start":{"line":6,"column":4},"end":{"line":6,"column":5}},"loc":{"start":{"line":6,"column":17},"end":{"line":8,"column":5}},"line":6},"1":{"name":"(anonymous_1)","decl":{"start":{"line":10,"column":16},"end":{"line":10,"column":17}},"loc":{"start":{"line":10,"column":28},"end":{"line":12,"column":5}},"line":10},"2":{"name":"(anonymous_2)","decl":{"start":{"line":14,"column":16},"end":{"line":14,"column":17}},"loc":{"start":{"line":14,"column":28},"end":{"line":16,"column":5}},"line":14}},"branchMap":{"0":{"loc":{"start":{"line":10,"column":17},"end":{"line":10,"column":23}},"type":"default-arg","locations":[{"start":{"line":10,"column":22},"end":{"line":10,"column":23}}],"line":10},"1":{"loc":{"start":{"line":14,"column":17},"end":{"line":14,"column":23}},"type":"default-arg","locations":[{"start":{"line":14,"column":22},"end":{"line":14,"column":23}}],"line":14}},"s":{"0":1,"1":1,"2":1},"f":{"0":1,"1":1,"2":1},"b":{"0":[1],"1":[0]},"_coverageSchema":"332fd63041d2c1bcb487cc26dd0d5f7d97098a6c","hash":"6f873a58bb4dbcc2f3b473c089114b2e991de7f7"}
}
